
     Program LD1 v.7.5 starts on  6Mar2026 at  4:29: 9 

     This program is part of the open-source Quantum ESPRESSO suite
     for quantum simulation of materials; please cite
         "P. Giannozzi et al., J. Phys.:Condens. Matter 21 395502 (2009);
         "P. Giannozzi et al., J. Phys.:Condens. Matter 29 465901 (2017);
         "P. Giannozzi et al., J. Chem. Phys. 152 154105 (2020);
          URL http://www.quantum-espresso.org", 
     in publications or presentations arising from this work. More details at
     http://www.quantum-espresso.org/quote

     Parallel version (MPI & OpenMP), running on      20 processor cores
     Number of MPI processes:                 1
     Threads/MPI process:                    20

     MPI processes distributed on     1 nodes
     1443 MiB available memory on the printing compute node when the environment starts

     Waiting for input...
     Reading input from standard input
     --------------------------- All-electron run ----------------------------

     Ni                                                                         
     scalar relativistic calculation

     atomic number is 28.00
     dft =PBE   lsd =0 sic =0 latt =0  beta=0.20 tr2=1.0E-14
     Exchange-correlation= PBE
                           (   1   4   3   4   0   0   0)
     mesh =1195 r(mesh) =  98.77016 a.u. xmin = -7.00 dx = 0.01250
     1 Ry =  13.60569312 eV, c = 137.03599908

     n l     nl                  e(Ry)          e(Ha)          e(eV)
     1 0     1S 1( 2.00)      -603.5861      -301.7930     -8212.2067
     2 0     2S 1( 2.00)       -72.1633       -36.0817      -981.8319
     2 1     2P 1( 6.00)       -62.0831       -31.0415      -844.6830
     3 0     3S 1( 2.00)        -8.1627        -4.0813      -111.0590
     3 1     3P 1( 6.00)        -5.2469        -2.6235       -71.3877
     4 0     4S 1( 2.00)        -0.4147        -0.2074        -5.6426
     4 1     4P 1( 0.00)        -0.0900        -0.0450        -1.2251
     3 2     3D 1( 8.00)        -0.6522        -0.3261        -8.8739

     final scf error:  5.8E-15 reached in  36 iterations

     Etot =   -3041.077413 Ry,   -1520.538706 Ha,  -41375.966038 eV

     Ekin =    3083.311555 Ry,    1541.655777 Ha,   41950.590818 eV
     Encl =   -7298.922555 Ry,   -3649.461277 Ha,  -99306.900411 eV
     Eh   =    1300.991314 Ry,     650.495657 Ha,   17700.888570 eV
     Exc  =    -126.457726 Ry,     -63.228863 Ha,   -1720.545015 eV


     normalization and overlap integrals

     s(1S/1S) =  1.000000  <r> =   0.0541  <r2> =    0.0039  r(max) =   0.0353
     s(1S/2S) = -0.003730
     s(1S/3S) = -0.001381
     s(1S/4S) = -0.000335
     s(2S/2S) =  1.000000  <r> =   0.2449  <r2> =    0.0708  r(max) =   0.2055
     s(2S/3S) = -0.000796
     s(2S/4S) = -0.000189
     s(2P/2P) =  1.000000  <r> =   0.2153  <r2> =    0.0569  r(max) =   0.1641
     s(2P/3P) = -0.000632
     s(2P/4P) = -0.000094
     s(3S/3S) =  1.000000  <r> =   0.7400  <r2> =    0.6327  r(max) =   0.6410
     s(3S/4S) = -0.000110
     s(3P/3P) =  1.000000  <r> =   0.7785  <r2> =    0.7159  r(max) =   0.6491
     s(3P/4P) = -0.000058
     s(4S/4S) =  1.000000  <r> =   2.8073  <r2> =    9.2343  r(max) =   2.2374
     s(4P/4P) =  1.000000  <r> =   4.3854  <r2> =   23.4935  r(max) =   3.1750
     s(3D/3D) =  1.000000  <r> =   1.0109  <r2> =    1.3884  r(max) =   0.6331

     ------------------------ End of All-electron run ------------------------


     --------------------- Generating PAW atomic setup --------------------


      Generating local potential from pseudized AE potential:
      Matching radius rcloc =   1.5000

      Local pseudo, rcloc= 1.519 Estimated cut-off energy=    10.77 Ry

      Computing core charge for nlcc: 

       r > 0.80 : true rho core
      Core charge pseudized with two Bessel functions
      Integrated core pseudo-charge :   0.22
      Wfc-us  3S rcutus= 1.213  Estimated cut-off energy=    36.70 Ry
      Wfc-us  4S rcutus= 1.213  Estimated cut-off energy=    74.64 Ry
      Wfc-us  3P rcutus= 1.213  Estimated cut-off energy=    56.78 Ry
      Wfc-us  4P rcutus= 1.213  Estimated cut-off energy=    47.33 Ry
      Wfc-us  3D rcutus= 1.409  Estimated cut-off energy=    58.57 Ry
      Wfc-us  3D rcutus= 1.409  Estimated cut-off energy=    49.83 Ry

      The bmat matrix
    -3.62337     0.39666     0.00000     0.00000     0.00000     0.00000
    -1.11665    -0.06005     0.00000     0.00000     0.00000     0.00000
     0.00000     0.00000    -4.37411    -2.78109     0.00000     0.00000
     0.00000     0.00000    -0.36914     0.01772     0.00000     0.00000
     0.00000     0.00000     0.00000     0.00000    -1.97496    -1.41891
     0.00000     0.00000     0.00000     0.00000    -0.04249     0.05636

      The bmat + epsilon qq matrix
    -1.18687     0.47771     0.00000     0.00000     0.00000     0.00000
     0.47853    -0.02118     0.00000     0.00000     0.00000     0.00000
     0.00000     0.00000    -5.31668    -1.40398     0.00000     0.00000
     0.00000     0.00000    -1.40136     0.77621     0.00000     0.00000
     0.00000     0.00000     0.00000     0.00000    -2.24375    -0.23608
     0.00000     0.00000     0.00000     0.00000    -0.23536     0.78128

      The qq matrix
    -0.29849    -0.19542     0.00000     0.00000     0.00000     0.00000
    -0.19542    -0.09373     0.00000     0.00000     0.00000     0.00000
     0.00000     0.00000     0.17964     0.19673     0.00000     0.00000
     0.00000     0.00000     0.19673     0.10836     0.00000     0.00000
     0.00000     0.00000     0.00000     0.00000     0.41211     0.29571
     0.00000     0.00000     0.00000     0.00000     0.29571     0.18123


    multipoles (all-electron charge) - (pseudo charge)
        ns l1:ns1 l2    l=0     l=1     l=2     l=3     l=4     l=5  
         1  0:  1  0 -0.2985
         2  0:  1  0 -0.1954
         2  0:  2  0 -0.0937
         3  1:  1  0  0.0000 -0.0107
         3  1:  2  0  0.0000  0.0332
         3  1:  3  1  0.1796  0.0000  0.0546
         4  1:  1  0  0.0000 -0.0881
         4  1:  2  0  0.0000 -0.0081
         4  1:  3  1  0.1967  0.0000  0.0634
         4  1:  4  1  0.1084  0.0000  0.0231
         5  2:  1  0  0.0000  0.0000  0.1047
         5  2:  2  0  0.0000  0.0000  0.0067
         5  2:  3  1  0.0000 -0.1862  0.0000 -0.0834
         5  2:  4  1  0.0000 -0.0965  0.0000 -0.0321
         5  2:  5  2  0.4121  0.0000  0.1505  0.0000  0.0782
         6  2:  1  0  0.0000  0.0000  0.1096
         6  2:  2  0  0.0000  0.0000  0.0123
         6  2:  3  1  0.0000 -0.1668  0.0000 -0.0791
         6  2:  4  1  0.0000 -0.0544  0.0000 -0.0100
         6  2:  5  2  0.2957  0.0000  0.1043  0.0000  0.0536
         6  2:  6  2  0.1812  0.0000  0.0496  0.0000  0.0169
     Required augmentation: PSQ   radius:    1.400000

     Q pseudized with Bessel functions
     Expected ecutrho=     475.8140 due to l1=  2   l2=  2

     Estimated PAW energy = -428.645310 Ryd

     The PAW screened D coefficients
    -1.18687     0.47853     0.00000     0.00000     0.00000     0.00000
     0.47853    -0.02118     0.00000     0.00000     0.00000     0.00000
     0.00000     0.00000    -5.31668    -1.40136     0.00000     0.00000
     0.00000     0.00000    -1.40136     0.77621     0.00000     0.00000
     0.00000     0.00000     0.00000     0.00000    -2.24375    -0.23536
     0.00000     0.00000     0.00000     0.00000    -0.23536     0.78128

     The PAW descreened D coefficients (US)
    -4.82491    -1.84764     0.00000     0.00000     0.00000     0.00000
    -1.84764    -1.14774     0.00000     0.00000     0.00000     0.00000
     0.00000     0.00000    -3.24630     1.06604     0.00000     0.00000
     0.00000     0.00000     1.06604     2.53831     0.00000     0.00000
     0.00000     0.00000     0.00000     0.00000     2.16535     3.03612
     0.00000     0.00000     0.00000     0.00000     3.03612     3.89594

     ------------------- End of pseudopotential generation -------------------

     --------------------------- All-electron run ----------------------------

     Ni                                                                         
     scalar relativistic calculation

     atomic number is 28.00
     dft = SLA  PW   PBX  PBC   lsd =0 sic =0 latt =0  beta=0.20 tr2=1.0E-14
     Exchange-correlation=  SLA  PW   PBX  PBC
                           (   1   4   3   4   0   0   0)
     mesh =1195 r(mesh) =  98.77016 a.u. xmin = -7.00 dx = 0.01250
     1 Ry =  13.60569312 eV, c = 137.03599908

     n l     nl                  e(Ry)          e(Ha)          e(eV)
     1 0     1S 1( 2.00)      -603.5861      -301.7930     -8212.2067
     2 0     2S 1( 2.00)       -72.1633       -36.0817      -981.8319
     2 1     2P 1( 6.00)       -62.0831       -31.0415      -844.6830
     3 0     3S 1( 2.00)        -8.1627        -4.0813      -111.0590
     3 1     3P 1( 6.00)        -5.2469        -2.6235       -71.3877
     4 0     4S 1( 2.00)        -0.4147        -0.2074        -5.6426
     4 1     4P 1( 0.00)        -0.0900        -0.0450        -1.2251
     3 2     3D 1( 8.00)        -0.6522        -0.3261        -8.8739

     final scf error:  5.8E-15 reached in  36 iterations

     Etot =   -3041.077413 Ry,   -1520.538706 Ha,  -41375.966038 eV

     Ekin =    3083.311555 Ry,    1541.655777 Ha,   41950.590818 eV
     Encl =   -7298.922555 Ry,   -3649.461277 Ha,  -99306.900411 eV
     Eh   =    1300.991314 Ry,     650.495657 Ha,   17700.888570 eV
     Exc  =    -126.457726 Ry,     -63.228863 Ha,   -1720.545015 eV


     normalization and overlap integrals

     s(1S/1S) =  1.000000  <r> =   0.0541  <r2> =    0.0039  r(max) =   0.0353
     s(1S/2S) = -0.003730
     s(1S/3S) = -0.001381
     s(1S/4S) = -0.000335
     s(2S/2S) =  1.000000  <r> =   0.2449  <r2> =    0.0708  r(max) =   0.2055
     s(2S/3S) = -0.000796
     s(2S/4S) = -0.000189
     s(2P/2P) =  1.000000  <r> =   0.2153  <r2> =    0.0569  r(max) =   0.1641
     s(2P/3P) = -0.000632
     s(2P/4P) = -0.000094
     s(3S/3S) =  1.000000  <r> =   0.7400  <r2> =    0.6327  r(max) =   0.6410
     s(3S/4S) = -0.000110
     s(3P/3P) =  1.000000  <r> =   0.7785  <r2> =    0.7159  r(max) =   0.6491
     s(3P/4P) = -0.000058
     s(4S/4S) =  1.000000  <r> =   2.8073  <r2> =    9.2343  r(max) =   2.2374
     s(4P/4P) =  1.000000  <r> =   4.3854  <r2> =   23.4935  r(max) =   3.1750
     s(3D/3D) =  1.000000  <r> =   1.0109  <r2> =    1.3884  r(max) =   0.6331

     ------------------------ End of All-electron run ------------------------


     ---------------------- Testing the pseudopotential ----------------------

     Ni                                                                         
     scalar relativistic calculation

     atomic number is 28.00   valence charge is 18.00
     dft = SLA  PW   PBX  PBC   lsd =0 sic =0 latt =0  beta=0.20 tr2=1.0E-14
     mesh =1195 r(mesh) =  98.77016 xmin = -7.00 dx = 0.01250

     n l     nl             e AE (Ry)        e PS (Ry)    De AE-PS (Ry) 
     1 0     3S   1( 2.00)       -8.16269       -8.16264       -0.00005
     2 0     4S   1( 2.00)       -0.41473       -0.41472       -0.00001
     2 1     3P   1( 6.00)       -5.24690       -5.24686       -0.00005
     3 2     3D   1( 8.00)       -0.65222       -0.65218       -0.00003

     eps = 9.5E-15  iter =  6

     Etot =   -3041.077413 Ry,   -1520.538706 Ha,  -41375.966038 eV
     Etotps =  -428.645305 Ry,    -214.322652 Ha,   -5832.016476 eV

     Ekin =     380.269282 Ry,     190.134641 Ha,    5173.827160 eV
     Encl =    -978.864138 Ry,    -489.432069 Ha,  -13318.125076 eV
     Ehrt =     296.407400 Ry,     148.203700 Ha,    4032.828121 eV
     Ecxc =    -126.457849 Ry,     -63.228924 Ha,   -1720.546681 eV
     (Ecc =      -0.256028 Ry,      -0.128014 Ha,      -3.483432 eV)

     ---------------------- End of pseudopotential test ----------------------

