
     Program LD1 v.7.5 starts on  6Mar2026 at  4:29:28 

     This program is part of the open-source Quantum ESPRESSO suite
     for quantum simulation of materials; please cite
         "P. Giannozzi et al., J. Phys.:Condens. Matter 21 395502 (2009);
         "P. Giannozzi et al., J. Phys.:Condens. Matter 29 465901 (2017);
         "P. Giannozzi et al., J. Chem. Phys. 152 154105 (2020);
          URL http://www.quantum-espresso.org", 
     in publications or presentations arising from this work. More details at
     http://www.quantum-espresso.org/quote

     Parallel version (MPI & OpenMP), running on      20 processor cores
     Number of MPI processes:                 1
     Threads/MPI process:                    20

     MPI processes distributed on     1 nodes
     1526 MiB available memory on the printing compute node when the environment starts

     Waiting for input...
     Reading input from standard input
     --------------------------- All-electron run ----------------------------

     O                                                                          
     scalar relativistic calculation

     atomic number is  8.00
     dft =PBE   lsd =0 sic =0 latt =0  beta=0.20 tr2=1.0E-14
     Exchange-correlation= PBE
                           (   1   4   3   4   0   0   0)
     mesh =1095 r(mesh) =  99.04343 a.u. xmin = -7.00 dx = 0.01250
     1 Ry =  13.60569312 eV, c = 137.03599908

     n l     nl                  e(Ry)          e(Ha)          e(eV)
     1 0     1S 1( 2.00)       -37.8295       -18.9148      -514.6969
     2 0     2S 1( 2.00)        -1.7611        -0.8806       -23.9616
     2 1     2P 1( 4.00)        -0.6637        -0.3319        -9.0308

     final scf error:  8.6E-15 reached in  23 iterations

     Etot =    -150.004152 Ry,     -75.002076 Ha,   -2040.910458 eV

     Ekin =     149.791567 Ry,      74.895784 Ha,    2038.018097 eV
     Encl =    -356.113718 Ry,    -178.056859 Ha,   -4845.173959 eV
     Eh   =      72.868749 Ry,      36.434374 Ha,     991.429835 eV
     Exc  =     -16.550750 Ry,      -8.275375 Ha,    -225.184431 eV


     normalization and overlap integrals

     s(1S/1S) =  1.000000  <r> =   0.1995  <r2> =    0.0538  r(max) =   0.1298
     s(1S/2S) = -0.000218
     s(2S/2S) =  1.000000  <r> =   1.1394  <r2> =    1.5805  r(max) =   0.8677
     s(2P/2P) =  1.000000  <r> =   1.2657  <r2> =    2.1375  r(max) =   0.8151

     ------------------------ End of All-electron run ------------------------


     --------------------- Generating PAW atomic setup --------------------


      Generating local potential from pseudized AE potential:
      Matching radius rcloc =   1.1000

      Local pseudo, rcloc= 1.100 Estimated cut-off energy=    20.26 Ry

      Computing core charge for nlcc: 

       r > 0.70 : true rho core
      Core charge pseudized with two Bessel functions
      Integrated core pseudo-charge :   0.20
      Wfc-us  2S rcutus= 1.311  Estimated cut-off energy=    28.15 Ry
      Wfc-us  2S rcutus= 1.311  Estimated cut-off energy=    42.76 Ry
      Wfc-us  2P rcutus= 1.344  Estimated cut-off energy=    43.14 Ry
      Wfc-us  2P rcutus= 1.344  Estimated cut-off energy=    46.65 Ry

      The bmat matrix
     1.78503     1.69963     0.00000     0.00000
     1.34915     1.30257     0.00000     0.00000
     0.00000     0.00000    -0.68182    -0.50136
     0.00000     0.00000    -0.43069    -0.31680

      The bmat + epsilon qq matrix
     2.06890     1.57261     0.00000     0.00000
     1.57283     1.20131     0.00000     0.00000
     0.00000     0.00000    -0.77549    -0.49641
     0.00000     0.00000    -0.49637    -0.31334

      The qq matrix
    -0.16118    -0.12701     0.00000     0.00000
    -0.12701    -0.10126     0.00000     0.00000
     0.00000     0.00000     0.14113     0.09896
     0.00000     0.00000     0.09896     0.06928


    multipoles (all-electron charge) - (pseudo charge)
        ns l1:ns1 l2    l=0     l=1     l=2     l=3     l=4     l=5  
         1  0:  1  0 -0.1612
         2  0:  1  0 -0.1270
         2  0:  2  0 -0.1013
         3  1:  1  0  0.0000 -0.0056
         3  1:  2  0  0.0000 -0.0047
         3  1:  3  1  0.1411  0.0000  0.0435
         4  1:  1  0  0.0000 -0.0060
         4  1:  2  0  0.0000 -0.0047
         4  1:  3  1  0.0990  0.0000  0.0305
         4  1:  4  1  0.0693  0.0000  0.0212
     Required augmentation: PSQ   radius:    1.350000

     Q pseudized with Bessel functions
     Expected ecutrho=     323.0247 due to l1=  1   l2=  1

     Estimated PAW energy =  -41.157239 Ryd

     The PAW screened D coefficients
     2.06890     1.57283     0.00000     0.00000
     1.57283     1.20131     0.00000     0.00000
     0.00000     0.00000    -0.77549    -0.49637
     0.00000     0.00000    -0.49637    -0.31334

     The PAW descreened D coefficients (US)
     0.54696     0.33974     0.00000     0.00000
     0.33974     0.19438     0.00000     0.00000
     0.00000     0.00000     0.61280     0.48069
     0.00000     0.00000     0.48069     0.37334

     ------------------- End of pseudopotential generation -------------------

     --------------------------- All-electron run ----------------------------

     O                                                                          
     scalar relativistic calculation

     atomic number is  8.00
     dft = SLA  PW   PBX  PBC   lsd =0 sic =0 latt =0  beta=0.20 tr2=1.0E-14
     Exchange-correlation=  SLA  PW   PBX  PBC
                           (   1   4   3   4   0   0   0)
     mesh =1095 r(mesh) =  99.04343 a.u. xmin = -7.00 dx = 0.01250
     1 Ry =  13.60569312 eV, c = 137.03599908

     n l     nl                  e(Ry)          e(Ha)          e(eV)
     1 0     1S 1( 2.00)       -37.8295       -18.9148      -514.6969
     2 0     2S 1( 2.00)        -1.7611        -0.8806       -23.9616
     2 1     2P 1( 4.00)        -0.6637        -0.3319        -9.0308

     final scf error:  8.6E-15 reached in  23 iterations

     Etot =    -150.004152 Ry,     -75.002076 Ha,   -2040.910458 eV

     Ekin =     149.791567 Ry,      74.895784 Ha,    2038.018097 eV
     Encl =    -356.113718 Ry,    -178.056859 Ha,   -4845.173959 eV
     Eh   =      72.868749 Ry,      36.434374 Ha,     991.429835 eV
     Exc  =     -16.550750 Ry,      -8.275375 Ha,    -225.184431 eV


     normalization and overlap integrals

     s(1S/1S) =  1.000000  <r> =   0.1995  <r2> =    0.0538  r(max) =   0.1298
     s(1S/2S) = -0.000218
     s(2S/2S) =  1.000000  <r> =   1.1394  <r2> =    1.5805  r(max) =   0.8677
     s(2P/2P) =  1.000000  <r> =   1.2657  <r2> =    2.1375  r(max) =   0.8151

     ------------------------ End of All-electron run ------------------------


     ---------------------- Testing the pseudopotential ----------------------

     O                                                                          
     scalar relativistic calculation

     atomic number is  8.00   valence charge is  6.00
     dft = SLA  PW   PBX  PBC   lsd =0 sic =0 latt =0  beta=0.20 tr2=1.0E-14
     mesh =1095 r(mesh) =  99.04343 xmin = -7.00 dx = 0.01250

     n l     nl             e AE (Ry)        e PS (Ry)    De AE-PS (Ry) 
     1 0     2S   1( 2.00)       -1.76114       -1.76115        0.00001
     2 1     2P   1( 4.00)       -0.66375       -0.66375        0.00001

     eps = 7.3E-17  iter =  4

     Etot =    -150.004152 Ry,     -75.002076 Ha,   -2040.910458 eV
     Etotps =   -41.157262 Ry,     -20.578631 Ha,    -559.973072 eV

     Ekin =      33.197276 Ry,      16.598638 Ha,     451.671954 eV
     Encl =     -85.159613 Ry,     -42.579807 Ha,   -1158.655564 eV
     Ehrt =      27.355822 Ry,      13.677911 Ha,     372.194916 eV
     Ecxc =     -16.550746 Ry,      -8.275373 Ha,    -225.184378 eV
     (Ecc =      -0.241558 Ry,      -0.120779 Ha,      -3.286566 eV)

     ---------------------- End of pseudopotential test ----------------------

